INFO:root:保存成功：MicoDeNoche_ZH-CN10514469675_1920x1080.jpg
INFO:root:已存在：CircularBarn_ZH-CN10350401093_1920x1080.jpg
INFO:root:已存在：KazakhstanNasa_ZH-CN9791985430_1920x1080.jpg
INFO:root:已存在：WarmiaPoland_ZH-CN13324541925_1920x1080.jpg
INFO:root:已存在：CliffPalaceLuminara_ZH-CN10279459718_1920x1080.jpg
INFO:root:已存在：JungfrauClimbers_ZH-CN11867441596_1920x1080.jpg
INFO:root:已存在：RoundWalkway_ZH-CN10197024907_1920x1080.jpg
INFO:root:已存在：AidlingerHoehe_ZH-CN11764360351_1920x1080.jpg
INFO:root:爬取时间：20161214081309


INFO:root:保存成功：VelikoTarnovo_ZH-CN11165433151_1920x1080.jpg
INFO:root:已存在：MicoDeNoche_ZH-CN10514469675_1920x1080.jpg
INFO:root:已存在：CircularBarn_ZH-CN10350401093_1920x1080.jpg
INFO:root:已存在：KazakhstanNasa_ZH-CN9791985430_1920x1080.jpg
INFO:root:已存在：WarmiaPoland_ZH-CN13324541925_1920x1080.jpg
INFO:root:已存在：CliffPalaceLuminara_ZH-CN10279459718_1920x1080.jpg
INFO:root:已存在：JungfrauClimbers_ZH-CN11867441596_1920x1080.jpg
INFO:root:已存在：RoundWalkway_ZH-CN10197024907_1920x1080.jpg
INFO:root:爬取时间：20161215082412


INFO:root:保存成功：ElmiraTreeFarm_ZH-CN8716369223_1920x1080.jpg
INFO:root:保存成功：CandyCaneSeaStar_ZH-CN8947157877_1920x1080.jpg
INFO:root:保存成功：Farolitos_ZH-CN12055626406_1920x1080.jpg
INFO:root:保存成功：SwitzerlandSunset_ZH-CN8198492507_1920x1080.jpg
INFO:root:已存在：VelikoTarnovo_ZH-CN11165433151_1920x1080.jpg
INFO:root:已存在：MicoDeNoche_ZH-CN10514469675_1920x1080.jpg
INFO:root:已存在：CircularBarn_ZH-CN10350401093_1920x1080.jpg
INFO:root:已存在：KazakhstanNasa_ZH-CN9791985430_1920x1080.jpg
INFO:root:爬取时间：20161219092713


INFO:root:保存成功：SaguaroLights_ZH-CN11691459871_1920x1080.jpg
INFO:root:已存在：ElmiraTreeFarm_ZH-CN8716369223_1920x1080.jpg
INFO:root:已存在：CandyCaneSeaStar_ZH-CN8947157877_1920x1080.jpg
INFO:root:已存在：Farolitos_ZH-CN12055626406_1920x1080.jpg
INFO:root:已存在：SwitzerlandSunset_ZH-CN8198492507_1920x1080.jpg
INFO:root:已存在：VelikoTarnovo_ZH-CN11165433151_1920x1080.jpg
INFO:root:已存在：MicoDeNoche_ZH-CN10514469675_1920x1080.jpg
INFO:root:已存在：CircularBarn_ZH-CN10350401093_1920x1080.jpg
INFO:root:爬取时间：20161220160017


INFO:root:保存成功：AncientpeopleSkating_ZH-CN10472124556_1920x1080.jpg
INFO:root:已存在：SaguaroLights_ZH-CN11691459871_1920x1080.jpg
INFO:root:已存在：ElmiraTreeFarm_ZH-CN8716369223_1920x1080.jpg
INFO:root:已存在：CandyCaneSeaStar_ZH-CN8947157877_1920x1080.jpg
INFO:root:已存在：Farolitos_ZH-CN12055626406_1920x1080.jpg
INFO:root:已存在：SwitzerlandSunset_ZH-CN8198492507_1920x1080.jpg
INFO:root:已存在：VelikoTarnovo_ZH-CN11165433151_1920x1080.jpg
INFO:root:已存在：MicoDeNoche_ZH-CN10514469675_1920x1080.jpg
INFO:root:爬取时间：20161221084555

WARNING:root:['/az/hprichbg/rb/AncientpeopleSkating_ZH-CN10472124556_1920x1080.jpg', '/az/hprichbg/rb/SaguaroLights_ZH-CN11691459871_1920x1080.jpg', '/az/hprichbg/rb/ElmiraTreeFarm_ZH-CN8716369223_1920x1080.jpg', '/az/hprichbg/rb/CandyCaneSeaStar_ZH-CN8947157877_1920x1080.jpg', '/az/hprichbg/rb/Farolitos_ZH-CN12055626406_1920x1080.jpg', '/az/hprichbg/rb/SwitzerlandSunset_ZH-CN8198492507_1920x1080.jpg', '/az/hprichbg/rb/VelikoTarnovo_ZH-CN11165433151_1920x1080.jpg', '/az/hprichbg/rb/MicoDeNoche_ZH-CN10514469675_1920x1080.jpg']
INFO:root:已爬过，被删除：AncientpeopleSkating_ZH-CN10472124556_1920x1080.jpg
INFO:root:已存在：SaguaroLights_ZH-CN11691459871_1920x1080.jpg
INFO:root:已存在：ElmiraTreeFarm_ZH-CN8716369223_1920x1080.jpg
INFO:root:已存在：CandyCaneSeaStar_ZH-CN8947157877_1920x1080.jpg
INFO:root:已存在：Farolitos_ZH-CN12055626406_1920x1080.jpg
INFO:root:已存在：SwitzerlandSunset_ZH-CN8198492507_1920x1080.jpg
INFO:root:已存在：VelikoTarnovo_ZH-CN11165433151_1920x1080.jpg
INFO:root:已存在：MicoDeNoche_ZH-CN10514469675_1920x1080.jpg
INFO:root:爬取时间：20161221085742


WARNING:root:['/az/hprichbg/rb/TheDomeEdinburgh_ZH-CN11993142817_1920x1080.jpg', '/az/hprichbg/rb/ManhattanBeach_ZH-CN10916747728_1920x1080.jpg', '/az/hprichbg/rb/AncientpeopleSkating_ZH-CN10472124556_1920x1080.jpg', '/az/hprichbg/rb/SaguaroLights_ZH-CN11691459871_1920x1080.jpg', '/az/hprichbg/rb/ElmiraTreeFarm_ZH-CN8716369223_1920x1080.jpg', '/az/hprichbg/rb/CandyCaneSeaStar_ZH-CN8947157877_1920x1080.jpg', '/az/hprichbg/rb/Farolitos_ZH-CN12055626406_1920x1080.jpg', '/az/hprichbg/rb/SwitzerlandSunset_ZH-CN8198492507_1920x1080.jpg']
INFO:root:保存成功：TheDomeEdinburgh_ZH-CN11993142817_1920x1080.jpg
INFO:root:保存成功：ManhattanBeach_ZH-CN10916747728_1920x1080.jpg
INFO:root:已爬过，被删除：AncientpeopleSkating_ZH-CN10472124556_1920x1080.jpg
INFO:root:已存在：SaguaroLights_ZH-CN11691459871_1920x1080.jpg
INFO:root:已存在：ElmiraTreeFarm_ZH-CN8716369223_1920x1080.jpg
INFO:root:已爬过，被删除：CandyCaneSeaStar_ZH-CN8947157877_1920x1080.jpg
INFO:root:已存在：Farolitos_ZH-CN12055626406_1920x1080.jpg
INFO:root:已存在：SwitzerlandSunset_ZH-CN8198492507_1920x1080.jpg
INFO:root:爬取时间：20161223092122


WARNING:root:['/az/hprichbg/rb/TheDomeEdinburgh_ZH-CN11993142817_1920x1080.jpg', '/az/hprichbg/rb/ManhattanBeach_ZH-CN10916747728_1920x1080.jpg', '/az/hprichbg/rb/AncientpeopleSkating_ZH-CN10472124556_1920x1080.jpg', '/az/hprichbg/rb/SaguaroLights_ZH-CN11691459871_1920x1080.jpg', '/az/hprichbg/rb/ElmiraTreeFarm_ZH-CN8716369223_1920x1080.jpg', '/az/hprichbg/rb/CandyCaneSeaStar_ZH-CN8947157877_1920x1080.jpg', '/az/hprichbg/rb/Farolitos_ZH-CN12055626406_1920x1080.jpg', '/az/hprichbg/rb/SwitzerlandSunset_ZH-CN8198492507_1920x1080.jpg']
INFO:root:已存在：TheDomeEdinburgh_ZH-CN11993142817_1920x1080.jpg
INFO:root:已存在：ManhattanBeach_ZH-CN10916747728_1920x1080.jpg
INFO:root:已爬过，被删除：AncientpeopleSkating_ZH-CN10472124556_1920x1080.jpg
INFO:root:已存在：SaguaroLights_ZH-CN11691459871_1920x1080.jpg
INFO:root:已存在：ElmiraTreeFarm_ZH-CN8716369223_1920x1080.jpg
INFO:root:已爬过，被删除：CandyCaneSeaStar_ZH-CN8947157877_1920x1080.jpg
INFO:root:已存在：Farolitos_ZH-CN12055626406_1920x1080.jpg
INFO:root:已存在：SwitzerlandSunset_ZH-CN8198492507_1920x1080.jpg
INFO:root:爬取时间：20161223092436


WARNING:root:['/az/hprichbg/rb/CarWash_ZH-CN12705750866_1920x1080.jpg', '/az/hprichbg/rb/CabinetClimber_ZH-CN8091149480_1920x1080.jpg', '/az/hprichbg/rb/HongKongEye_ZH-CN12285832688_1920x1080.jpg', '/az/hprichbg/rb/WinterOwls_ZH-CN11633542284_1920x1080.jpg', '/az/hprichbg/rb/ZellerHorn_ZH-CN7123868469_1920x1080.jpg', '/az/hprichbg/rb/AthabascaCanyon_ZH-CN11032342866_1920x1080.jpg', '/az/hprichbg/rb/GrusJaponensis_ZH-CN8553179454_1920x1080.jpg', '/az/hprichbg/rb/ColorfulTromso_ZH-CN9894938772_1920x1080.jpg']
INFO:root:保存成功：CarWash_ZH-CN12705750866_1920x1080.jpg
INFO:root:保存成功：CabinetClimber_ZH-CN8091149480_1920x1080.jpg
INFO:root:保存成功：HongKongEye_ZH-CN12285832688_1920x1080.jpg
INFO:root:保存成功：WinterOwls_ZH-CN11633542284_1920x1080.jpg
INFO:root:保存成功：ZellerHorn_ZH-CN7123868469_1920x1080.jpg
INFO:root:保存成功：AthabascaCanyon_ZH-CN11032342866_1920x1080.jpg
INFO:root:保存成功：GrusJaponensis_ZH-CN8553179454_1920x1080.jpg
INFO:root:保存成功：ColorfulTromso_ZH-CN9894938772_1920x1080.jpg
INFO:root:爬取时间：20170103083656


WARNING:root:['/az/hprichbg/rb/RoyalBarge_ZH-CN8556739705_1920x1080.jpg', '/az/hprichbg/rb/MacawFlight_ZH-CN10427294606_1920x1080.jpg', '/az/hprichbg/rb/LakeWakapitu_ZH-CN11335950566_1920x1080.jpg', '/az/hprichbg/rb/CarWash_ZH-CN12705750866_1920x1080.jpg', '/az/hprichbg/rb/CabinetClimber_ZH-CN8091149480_1920x1080.jpg', '/az/hprichbg/rb/HongKongEye_ZH-CN12285832688_1920x1080.jpg', '/az/hprichbg/rb/WinterOwls_ZH-CN11633542284_1920x1080.jpg', '/az/hprichbg/rb/ZellerHorn_ZH-CN7123868469_1920x1080.jpg']
INFO:root:保存成功：RoyalBarge_ZH-CN8556739705_1920x1080.jpg
INFO:root:保存成功：MacawFlight_ZH-CN10427294606_1920x1080.jpg
INFO:root:保存成功：LakeWakapitu_ZH-CN11335950566_1920x1080.jpg
INFO:root:已存在：CarWash_ZH-CN12705750866_1920x1080.jpg
INFO:root:已存在：CabinetClimber_ZH-CN8091149480_1920x1080.jpg
INFO:root:已存在：HongKongEye_ZH-CN12285832688_1920x1080.jpg
INFO:root:已存在：WinterOwls_ZH-CN11633542284_1920x1080.jpg
INFO:root:已存在：ZellerHorn_ZH-CN7123868469_1920x1080.jpg
INFO:root:爬取时间：20170106081232


WARNING:root:['/az/hprichbg/rb/EifelNPBelgium_ZH-CN12131884508_1920x1080.jpg', '/az/hprichbg/rb/RossFountain_ZH-CN11490955168_1920x1080.jpg', '/az/hprichbg/rb/TrakaiIslandCastle_ZH-CN14067567252_1920x1080.jpg', '/az/hprichbg/rb/CalevCoyote_ZH-CN8657167059_1920x1080.jpg', '/az/hprichbg/rb/RoyalBarge_ZH-CN8556739705_1920x1080.jpg', '/az/hprichbg/rb/MacawFlight_ZH-CN10427294606_1920x1080.jpg', '/az/hprichbg/rb/LakeWakapitu_ZH-CN11335950566_1920x1080.jpg', '/az/hprichbg/rb/CarWash_ZH-CN12705750866_1920x1080.jpg']
INFO:root:保存成功：EifelNPBelgium_ZH-CN12131884508_1920x1080.jpg
INFO:root:保存成功：RossFountain_ZH-CN11490955168_1920x1080.jpg
INFO:root:保存成功：TrakaiIslandCastle_ZH-CN14067567252_1920x1080.jpg
INFO:root:保存成功：CalevCoyote_ZH-CN8657167059_1920x1080.jpg
INFO:root:已存在：RoyalBarge_ZH-CN8556739705_1920x1080.jpg
INFO:root:已存在：MacawFlight_ZH-CN10427294606_1920x1080.jpg
INFO:root:已存在：LakeWakapitu_ZH-CN11335950566_1920x1080.jpg
INFO:root:已存在：CarWash_ZH-CN12705750866_1920x1080.jpg
INFO:root:爬取时间：20170110080515


WARNING:root:['/az/hprichbg/rb/TempleOfValadier_ZH-CN13184904528_1920x1080.jpg', '/az/hprichbg/rb/NASAEgypt_ZH-CN10985844646_1920x1080.jpg', '/az/hprichbg/rb/EifelNPBelgium_ZH-CN12131884508_1920x1080.jpg', '/az/hprichbg/rb/RossFountain_ZH-CN11490955168_1920x1080.jpg', '/az/hprichbg/rb/TrakaiIslandCastle_ZH-CN14067567252_1920x1080.jpg', '/az/hprichbg/rb/CalevCoyote_ZH-CN8657167059_1920x1080.jpg', '/az/hprichbg/rb/RoyalBarge_ZH-CN8556739705_1920x1080.jpg', '/az/hprichbg/rb/MacawFlight_ZH-CN10427294606_1920x1080.jpg']
INFO:root:保存成功：TempleOfValadier_ZH-CN13184904528_1920x1080.jpg
INFO:root:保存成功：NASAEgypt_ZH-CN10985844646_1920x1080.jpg
INFO:root:已存在：EifelNPBelgium_ZH-CN12131884508_1920x1080.jpg
INFO:root:已存在：RossFountain_ZH-CN11490955168_1920x1080.jpg
INFO:root:已存在：TrakaiIslandCastle_ZH-CN14067567252_1920x1080.jpg
INFO:root:已存在：CalevCoyote_ZH-CN8657167059_1920x1080.jpg
INFO:root:已存在：RoyalBarge_ZH-CN8556739705_1920x1080.jpg
INFO:root:已存在：MacawFlight_ZH-CN10427294606_1920x1080.jpg
INFO:root:爬取时间：20170112103328


INFO:root:已存在：TempleOfValadier_ZH-CN13184904528_1920x1080.jpg
INFO:root:已爬过，被删除：NASAEgypt_ZH-CN10985844646_1920x1080.jpg
INFO:root:已存在：EifelNPBelgium_ZH-CN12131884508_1920x1080.jpg
INFO:root:已存在：RossFountain_ZH-CN11490955168_1920x1080.jpg
INFO:root:已存在：TrakaiIslandCastle_ZH-CN14067567252_1920x1080.jpg
INFO:root:已存在：CalevCoyote_ZH-CN8657167059_1920x1080.jpg
INFO:root:已存在：RoyalBarge_ZH-CN8556739705_1920x1080.jpg
INFO:root:已存在：MacawFlight_ZH-CN10427294606_1920x1080.jpg
INFO:root:爬取时间：20170112104239


INFO:root:保存成功：BehindTheFalls_ZH-CN6370841810_1920x1080.jpg
INFO:root:保存成功：GreatCourt_ZH-CN11131065922_1920x1080.jpg
INFO:root:保存成功：KongdeRi_ZH-CN11743396085_1920x1080.jpg
INFO:root:保存成功：MacaquesWulingyuan_ZH-CN8705472129_1920x1080.jpg
INFO:root:已存在：TempleOfValadier_ZH-CN13184904528_1920x1080.jpg
INFO:root:已爬过，被删除：NASAEgypt_ZH-CN10985844646_1920x1080.jpg
INFO:root:已存在：EifelNPBelgium_ZH-CN12131884508_1920x1080.jpg
INFO:root:已存在：RossFountain_ZH-CN11490955168_1920x1080.jpg
INFO:root:爬取时间：20170116082709


INFO:root:保存成功：LasMedulasFrost_ZH-CN10300016604_1920x1080.jpg
INFO:root:已存在：BehindTheFalls_ZH-CN6370841810_1920x1080.jpg
INFO:root:已存在：GreatCourt_ZH-CN11131065922_1920x1080.jpg
INFO:root:已存在：KongdeRi_ZH-CN11743396085_1920x1080.jpg
INFO:root:已存在：MacaquesWulingyuan_ZH-CN8705472129_1920x1080.jpg
INFO:root:已存在：TempleOfValadier_ZH-CN13184904528_1920x1080.jpg
INFO:root:已爬过，被删除：NASAEgypt_ZH-CN10985844646_1920x1080.jpg
INFO:root:已存在：EifelNPBelgium_ZH-CN12131884508_1920x1080.jpg
INFO:root:爬取时间：20170117124132


INFO:root:保存成功：MountOTemanu_ZH-CN10516512008_1920x1080.jpg
INFO:root:已存在：LasMedulasFrost_ZH-CN10300016604_1920x1080.jpg
INFO:root:已存在：BehindTheFalls_ZH-CN6370841810_1920x1080.jpg
INFO:root:已存在：GreatCourt_ZH-CN11131065922_1920x1080.jpg
INFO:root:已存在：KongdeRi_ZH-CN11743396085_1920x1080.jpg
INFO:root:已存在：MacaquesWulingyuan_ZH-CN8705472129_1920x1080.jpg
INFO:root:已存在：TempleOfValadier_ZH-CN13184904528_1920x1080.jpg
INFO:root:已爬过，被删除：NASAEgypt_ZH-CN10985844646_1920x1080.jpg
INFO:root:爬取时间：20170118162435


INFO:root:保存成功：IceSculptures_ZH-CN12032666081_1920x1080.jpg
INFO:root:保存成功：MinervaTerrace_ZH-CN10705203937_1920x1080.jpg
INFO:root:已存在：MountOTemanu_ZH-CN10516512008_1920x1080.jpg
INFO:root:已存在：LasMedulasFrost_ZH-CN10300016604_1920x1080.jpg
INFO:root:已存在：BehindTheFalls_ZH-CN6370841810_1920x1080.jpg
INFO:root:已存在：GreatCourt_ZH-CN11131065922_1920x1080.jpg
INFO:root:已存在：KongdeRi_ZH-CN11743396085_1920x1080.jpg
INFO:root:已存在：MacaquesWulingyuan_ZH-CN8705472129_1920x1080.jpg
INFO:root:爬取时间：20170120120209


INFO:root:保存成功：PfeifferBeach_ZH-CN13868196659_1920x1080.jpg
INFO:root:保存成功：GentooPenguinVideo_ZH-CN9979103072_1920x1080.jpg
INFO:root:已存在：IceSculptures_ZH-CN12032666081_1920x1080.jpg
INFO:root:已存在：MinervaTerrace_ZH-CN10705203937_1920x1080.jpg
INFO:root:已存在：MountOTemanu_ZH-CN10516512008_1920x1080.jpg
INFO:root:已存在：LasMedulasFrost_ZH-CN10300016604_1920x1080.jpg
INFO:root:已存在：BehindTheFalls_ZH-CN6370841810_1920x1080.jpg
INFO:root:已存在：GreatCourt_ZH-CN11131065922_1920x1080.jpg
INFO:root:爬取时间：20170122125350


INFO:root:保存成功：MontBlancVideo_ZH-CN9230432404_1920x1080.jpg
INFO:root:已存在：PfeifferBeach_ZH-CN13868196659_1920x1080.jpg
INFO:root:已存在：GentooPenguinVideo_ZH-CN9979103072_1920x1080.jpg
INFO:root:已存在：IceSculptures_ZH-CN12032666081_1920x1080.jpg
INFO:root:已存在：MinervaTerrace_ZH-CN10705203937_1920x1080.jpg
INFO:root:已存在：MountOTemanu_ZH-CN10516512008_1920x1080.jpg
INFO:root:已存在：LasMedulasFrost_ZH-CN10300016604_1920x1080.jpg
INFO:root:已存在：BehindTheFalls_ZH-CN6370841810_1920x1080.jpg
INFO:root:爬取时间：20170123101322


INFO:root:已存在：MontBlancVideo_ZH-CN9230432404_1920x1080.jpg
INFO:root:已存在：PfeifferBeach_ZH-CN13868196659_1920x1080.jpg
INFO:root:已存在：GentooPenguinVideo_ZH-CN9979103072_1920x1080.jpg
INFO:root:已存在：IceSculptures_ZH-CN12032666081_1920x1080.jpg
INFO:root:已存在：MinervaTerrace_ZH-CN10705203937_1920x1080.jpg
INFO:root:已存在：MountOTemanu_ZH-CN10516512008_1920x1080.jpg
INFO:root:已存在：LasMedulasFrost_ZH-CN10300016604_1920x1080.jpg
INFO:root:已存在：BehindTheFalls_ZH-CN6370841810_1920x1080.jpg
INFO:root:爬取时间：20170123122718


INFO:root:保存成功：TowerofLight_ZH-CN11745498179_1920x1080.jpg
INFO:root:保存成功：VolunteerPoint_ZH-CN7941283677_1920x1080.jpg
INFO:root:保存成功：PadleyGorge_ZH-CN7693050245_1920x1080.jpg
INFO:root:保存成功：Shimaenaga_ZH-CN14747993510_1920x1080.jpg
INFO:root:保存成功：ScottishSquirrel_ZH-CN11794261635_1920x1080.jpg
INFO:root:保存成功：GBRISS_ZH-CN10195808313_1920x1080.jpg
INFO:root:保存成功：FlameTowers_ZH-CN10904980589_1920x1080.jpg
INFO:root:保存成功：SpringCouplet_ZH-CN16366435588_1920x1080.jpg
INFO:root:爬取时间：20170206080631


INFO:root:已存在：TowerofLight_ZH-CN11745498179_1920x1080.jpg
INFO:root:已存在：VolunteerPoint_ZH-CN7941283677_1920x1080.jpg
INFO:root:已存在：PadleyGorge_ZH-CN7693050245_1920x1080.jpg
INFO:root:已存在：Shimaenaga_ZH-CN14747993510_1920x1080.jpg
INFO:root:已爬过，被删除：ScottishSquirrel_ZH-CN11794261635_1920x1080.jpg
INFO:root:已爬过，被删除：GBRISS_ZH-CN10195808313_1920x1080.jpg
INFO:root:已爬过，被删除：FlameTowers_ZH-CN10904980589_1920x1080.jpg
INFO:root:已爬过，被删除：SpringCouplet_ZH-CN16366435588_1920x1080.jpg
INFO:root:爬取时间：20170206122754


INFO:root:保存成功：UtahLakeSunrise_ZH-CN7904195051_1920x1080.jpg
INFO:root:已存在：TowerofLight_ZH-CN11745498179_1920x1080.jpg
INFO:root:已存在：VolunteerPoint_ZH-CN7941283677_1920x1080.jpg
INFO:root:已存在：PadleyGorge_ZH-CN7693050245_1920x1080.jpg
INFO:root:已存在：Shimaenaga_ZH-CN14747993510_1920x1080.jpg
INFO:root:已爬过，被删除：ScottishSquirrel_ZH-CN11794261635_1920x1080.jpg
INFO:root:已爬过，被删除：GBRISS_ZH-CN10195808313_1920x1080.jpg
INFO:root:已爬过，被删除：FlameTowers_ZH-CN10904980589_1920x1080.jpg
INFO:root:爬取时间：20170207123742


INFO:root:已存在：ItapuaLighthouse_ZH-CN10867280946_1920x1080.jpg
INFO:root:已存在：UtahLakeSunrise_ZH-CN7904195051_1920x1080.jpg
INFO:root:已存在：TowerofLight_ZH-CN11745498179_1920x1080.jpg
INFO:root:已存在：VolunteerPoint_ZH-CN7941283677_1920x1080.jpg
INFO:root:已存在：PadleyGorge_ZH-CN7693050245_1920x1080.jpg
INFO:root:已存在：Shimaenaga_ZH-CN14747993510_1920x1080.jpg
INFO:root:已爬过，被删除：ScottishSquirrel_ZH-CN11794261635_1920x1080.jpg
INFO:root:已爬过，被删除：GBRISS_ZH-CN10195808313_1920x1080.jpg
INFO:root:爬取时间：20170208131655


INFO:root:保存成功：LophophorusImpejanus_ZH-CN10675050048_1920x1080.jpg
INFO:root:已存在：ItapuaLighthouse_ZH-CN10867280946_1920x1080.jpg
INFO:root:已存在：UtahLakeSunrise_ZH-CN7904195051_1920x1080.jpg
INFO:root:已存在：TowerofLight_ZH-CN11745498179_1920x1080.jpg
INFO:root:已存在：VolunteerPoint_ZH-CN7941283677_1920x1080.jpg
INFO:root:已存在：PadleyGorge_ZH-CN7693050245_1920x1080.jpg
INFO:root:已存在：Shimaenaga_ZH-CN14747993510_1920x1080.jpg
INFO:root:已爬过，被删除：ScottishSquirrel_ZH-CN11794261635_1920x1080.jpg
INFO:root:爬取时间：20170209084112


INFO:root:已存在：LophophorusImpejanus_ZH-CN10675050048_1920x1080.jpg
INFO:root:已存在：ItapuaLighthouse_ZH-CN10867280946_1920x1080.jpg
INFO:root:已存在：UtahLakeSunrise_ZH-CN7904195051_1920x1080.jpg
INFO:root:已存在：TowerofLight_ZH-CN11745498179_1920x1080.jpg
INFO:root:已存在：VolunteerPoint_ZH-CN7941283677_1920x1080.jpg
INFO:root:已存在：PadleyGorge_ZH-CN7693050245_1920x1080.jpg
INFO:root:已存在：Shimaenaga_ZH-CN14747993510_1920x1080.jpg
INFO:root:已爬过，被删除：ScottishSquirrel_ZH-CN11794261635_1920x1080.jpg
INFO:root:爬取时间：20170209124449


INFO:root:保存成功：BoardmanOR_ZH-CN10440697273_1920x1080.jpg
INFO:root:已存在：LophophorusImpejanus_ZH-CN10675050048_1920x1080.jpg
INFO:root:已存在：ItapuaLighthouse_ZH-CN10867280946_1920x1080.jpg
INFO:root:已存在：UtahLakeSunrise_ZH-CN7904195051_1920x1080.jpg
INFO:root:已存在：TowerofLight_ZH-CN11745498179_1920x1080.jpg
INFO:root:已存在：VolunteerPoint_ZH-CN7941283677_1920x1080.jpg
INFO:root:已存在：PadleyGorge_ZH-CN7693050245_1920x1080.jpg
INFO:root:已存在：Shimaenaga_ZH-CN14747993510_1920x1080.jpg
INFO:root:爬取时间：20170210124249


INFO:root:保存成功：HallwylfjelletSunset_ZH-CN9300910376_1920x1080.jpg
INFO:root:保存成功：PalaudelaMusica_ZH-CN12110358984_1920x1080.jpg
INFO:root:保存成功：LanternSale_ZH-CN13256517653_1920x1080.jpg
INFO:root:已存在：BoardmanOR_ZH-CN10440697273_1920x1080.jpg
INFO:root:已存在：LophophorusImpejanus_ZH-CN10675050048_1920x1080.jpg
INFO:root:已存在：ItapuaLighthouse_ZH-CN10867280946_1920x1080.jpg
INFO:root:已存在：UtahLakeSunrise_ZH-CN7904195051_1920x1080.jpg
INFO:root:已存在：TowerofLight_ZH-CN11745498179_1920x1080.jpg
INFO:root:爬取时间：20170213121608


INFO:root:保存成功：JavaSparrow_ZH-CN10576911084_1920x1080.jpg
INFO:root:已存在：HallwylfjelletSunset_ZH-CN9300910376_1920x1080.jpg
INFO:root:已爬过，被删除：PalaudelaMusica_ZH-CN12110358984_1920x1080.jpg
INFO:root:已爬过，被删除：LanternSale_ZH-CN13256517653_1920x1080.jpg
INFO:root:已存在：BoardmanOR_ZH-CN10440697273_1920x1080.jpg
INFO:root:已存在：LophophorusImpejanus_ZH-CN10675050048_1920x1080.jpg
INFO:root:已存在：ItapuaLighthouse_ZH-CN10867280946_1920x1080.jpg
INFO:root:已存在：UtahLakeSunrise_ZH-CN7904195051_1920x1080.jpg
INFO:root:爬取时间：20170214081451


INFO:root:已存在：JavaSparrow_ZH-CN10576911084_1920x1080.jpg
INFO:root:已存在：HallwylfjelletSunset_ZH-CN9300910376_1920x1080.jpg
INFO:root:已爬过，被删除：PalaudelaMusica_ZH-CN12110358984_1920x1080.jpg
INFO:root:已爬过，被删除：LanternSale_ZH-CN13256517653_1920x1080.jpg
INFO:root:已存在：BoardmanOR_ZH-CN10440697273_1920x1080.jpg
INFO:root:已存在：LophophorusImpejanus_ZH-CN10675050048_1920x1080.jpg
INFO:root:已存在：ItapuaLighthouse_ZH-CN10867280946_1920x1080.jpg
INFO:root:已存在：UtahLakeSunrise_ZH-CN7904195051_1920x1080.jpg
INFO:root:爬取时间：20170214125653


INFO:root:保存成功：ElephantsWalking_ZH-CN8959341729_1920x1080.jpg
INFO:root:已存在：JavaSparrow_ZH-CN10576911084_1920x1080.jpg
INFO:root:已存在：HallwylfjelletSunset_ZH-CN9300910376_1920x1080.jpg
INFO:root:已爬过，被删除：PalaudelaMusica_ZH-CN12110358984_1920x1080.jpg
INFO:root:已爬过，被删除：LanternSale_ZH-CN13256517653_1920x1080.jpg
INFO:root:已存在：BoardmanOR_ZH-CN10440697273_1920x1080.jpg
INFO:root:已存在：LophophorusImpejanus_ZH-CN10675050048_1920x1080.jpg
INFO:root:已存在：ItapuaLighthouse_ZH-CN10867280946_1920x1080.jpg
INFO:root:爬取时间：20170215120608


INFO:root:保存成功：TwilightEpiphany_ZH-CN11612238738_1920x1080.jpg
INFO:root:已存在：ElephantsWalking_ZH-CN8959341729_1920x1080.jpg
INFO:root:已存在：JavaSparrow_ZH-CN10576911084_1920x1080.jpg
INFO:root:已存在：HallwylfjelletSunset_ZH-CN9300910376_1920x1080.jpg
INFO:root:已爬过，被删除：PalaudelaMusica_ZH-CN12110358984_1920x1080.jpg
INFO:root:已爬过，被删除：LanternSale_ZH-CN13256517653_1920x1080.jpg
INFO:root:已存在：BoardmanOR_ZH-CN10440697273_1920x1080.jpg
INFO:root:已存在：LophophorusImpejanus_ZH-CN10675050048_1920x1080.jpg
INFO:root:爬取时间：20170216123804


INFO:root:保存成功：PutoranaPlateau_ZH-CN11394761356_1920x1080.jpg
INFO:root:已存在：TwilightEpiphany_ZH-CN11612238738_1920x1080.jpg
INFO:root:已存在：ElephantsWalking_ZH-CN8959341729_1920x1080.jpg
INFO:root:已存在：JavaSparrow_ZH-CN10576911084_1920x1080.jpg
INFO:root:已存在：HallwylfjelletSunset_ZH-CN9300910376_1920x1080.jpg
INFO:root:已爬过，被删除：PalaudelaMusica_ZH-CN12110358984_1920x1080.jpg
INFO:root:已爬过，被删除：LanternSale_ZH-CN13256517653_1920x1080.jpg
INFO:root:已存在：BoardmanOR_ZH-CN10440697273_1920x1080.jpg
INFO:root:爬取时间：20170217123659


INFO:root:保存成功：YorkshireWinter_ZH-CN9258658675_1920x1080.jpg
INFO:root:保存成功：Vieste_ZH-CN7832914637_1920x1080.jpg
INFO:root:保存成功：TorronsuoSwamp_ZH-CN8711557344_1920x1080.jpg
INFO:root:已存在：PutoranaPlateau_ZH-CN11394761356_1920x1080.jpg
INFO:root:已存在：TwilightEpiphany_ZH-CN11612238738_1920x1080.jpg
INFO:root:已存在：ElephantsWalking_ZH-CN8959341729_1920x1080.jpg
INFO:root:已存在：JavaSparrow_ZH-CN10576911084_1920x1080.jpg
INFO:root:已存在：HallwylfjelletSunset_ZH-CN9300910376_1920x1080.jpg
INFO:root:爬取时间：20170220081556


INFO:root:已存在：YorkshireWinter_ZH-CN9258658675_1920x1080.jpg
INFO:root:已存在：Vieste_ZH-CN7832914637_1920x1080.jpg
INFO:root:已存在：TorronsuoSwamp_ZH-CN8711557344_1920x1080.jpg
INFO:root:已存在：PutoranaPlateau_ZH-CN11394761356_1920x1080.jpg
INFO:root:已存在：TwilightEpiphany_ZH-CN11612238738_1920x1080.jpg
INFO:root:已存在：ElephantsWalking_ZH-CN8959341729_1920x1080.jpg
INFO:root:已存在：JavaSparrow_ZH-CN10576911084_1920x1080.jpg
INFO:root:已存在：HallwylfjelletSunset_ZH-CN9300910376_1920x1080.jpg
INFO:root:爬取时间：20170220123403


INFO:root:保存成功：MartianCrater_ZH-CN9867068013_1920x1080.jpg
INFO:root:已存在：YorkshireWinter_ZH-CN9258658675_1920x1080.jpg
INFO:root:已存在：Vieste_ZH-CN7832914637_1920x1080.jpg
INFO:root:已存在：TorronsuoSwamp_ZH-CN8711557344_1920x1080.jpg
INFO:root:已存在：PutoranaPlateau_ZH-CN11394761356_1920x1080.jpg
INFO:root:已存在：TwilightEpiphany_ZH-CN11612238738_1920x1080.jpg
INFO:root:已存在：ElephantsWalking_ZH-CN8959341729_1920x1080.jpg
INFO:root:已存在：JavaSparrow_ZH-CN10576911084_1920x1080.jpg
INFO:root:爬取时间：20170221121340


INFO:root:保存成功：VenetianFortifications_ZH-CN11140565989_1920x1080.jpg
INFO:root:已存在：MartianCrater_ZH-CN9867068013_1920x1080.jpg
INFO:root:已存在：YorkshireWinter_ZH-CN9258658675_1920x1080.jpg
INFO:root:已存在：Vieste_ZH-CN7832914637_1920x1080.jpg
INFO:root:已存在：TorronsuoSwamp_ZH-CN8711557344_1920x1080.jpg
INFO:root:已存在：PutoranaPlateau_ZH-CN11394761356_1920x1080.jpg
INFO:root:已存在：TwilightEpiphany_ZH-CN11612238738_1920x1080.jpg
INFO:root:已存在：ElephantsWalking_ZH-CN8959341729_1920x1080.jpg
INFO:root:爬取时间：20170222121811


INFO:root:保存成功：RiverOtters_ZH-CN9287285757_1920x1080.jpg
INFO:root:保存成功：GriffithPark_ZH-CN9871772537_1920x1080.jpg
INFO:root:保存成功：Hoatzin_ZH-CN6642664963_1920x1080.jpg
INFO:root:保存成功：ShengshanIsland_ZH-CN14229927013_1920x1080.jpg
INFO:root:保存成功：ViennaOperaBall_ZH-CN10790748867_1920x1080.jpg
INFO:root:已存在：VenetianFortifications_ZH-CN11140565989_1920x1080.jpg
INFO:root:已存在：MartianCrater_ZH-CN9867068013_1920x1080.jpg
INFO:root:已存在：YorkshireWinter_ZH-CN9258658675_1920x1080.jpg
INFO:root:爬取时间：20170227114848


INFO:root:保存成功：BrassBandTrumpet_ZH-CN8703910231_1920x1080.jpg
INFO:root:已爬过，被删除：RiverOtters_ZH-CN9287285757_1920x1080.jpg
INFO:root:已存在：GriffithPark_ZH-CN9871772537_1920x1080.jpg
INFO:root:已爬过，被删除：Hoatzin_ZH-CN6642664963_1920x1080.jpg
INFO:root:已存在：ShengshanIsland_ZH-CN14229927013_1920x1080.jpg
INFO:root:已存在：ViennaOperaBall_ZH-CN10790748867_1920x1080.jpg
INFO:root:已存在：VenetianFortifications_ZH-CN11140565989_1920x1080.jpg
INFO:root:已存在：MartianCrater_ZH-CN9867068013_1920x1080.jpg
INFO:root:爬取时间：20170228121911


INFO:root:保存成功：SpringbokHerd_ZH-CN11603112082_1920x1080.jpg
INFO:root:保存成功：Shiprock_ZH-CN11237156651_1920x1080.jpg
INFO:root:保存成功：SommeBay_ZH-CN11043403486_1920x1080.jpg
INFO:root:已存在：BrassBandTrumpet_ZH-CN8703910231_1920x1080.jpg
INFO:root:已爬过，被删除：RiverOtters_ZH-CN9287285757_1920x1080.jpg
INFO:root:已存在：GriffithPark_ZH-CN9871772537_1920x1080.jpg
INFO:root:已爬过，被删除：Hoatzin_ZH-CN6642664963_1920x1080.jpg
INFO:root:已存在：ShengshanIsland_ZH-CN14229927013_1920x1080.jpg
INFO:root:爬取时间：20170303121828


INFO:root:保存成功：SteepSheep_ZH-CN8716398488_1920x1080.jpg
INFO:root:保存成功：ButterflyWorld_ZH-CN11273971874_1920x1080.jpg
INFO:root:保存成功：Aoraki_ZH-CN7776353328_1920x1080.jpg
INFO:root:已存在：SpringbokHerd_ZH-CN11603112082_1920x1080.jpg
INFO:root:已存在：Shiprock_ZH-CN11237156651_1920x1080.jpg
INFO:root:已爬过，被删除：SommeBay_ZH-CN11043403486_1920x1080.jpg
INFO:root:已爬过，被删除：BrassBandTrumpet_ZH-CN8703910231_1920x1080.jpg
INFO:root:已爬过，被删除：RiverOtters_ZH-CN9287285757_1920x1080.jpg
INFO:root:爬取时间：20170306090429


INFO:root:已存在：SteepSheep_ZH-CN8716398488_1920x1080.jpg
INFO:root:已存在：ButterflyWorld_ZH-CN11273971874_1920x1080.jpg
INFO:root:已存在：Aoraki_ZH-CN7776353328_1920x1080.jpg
INFO:root:已存在：SpringbokHerd_ZH-CN11603112082_1920x1080.jpg
INFO:root:已存在：Shiprock_ZH-CN11237156651_1920x1080.jpg
INFO:root:已爬过，被删除：SommeBay_ZH-CN11043403486_1920x1080.jpg
INFO:root:已爬过，被删除：BrassBandTrumpet_ZH-CN8703910231_1920x1080.jpg
INFO:root:已爬过，被删除：RiverOtters_ZH-CN9287285757_1920x1080.jpg
INFO:root:爬取时间：20170306121951


INFO:root:保存成功：BlanchardSprings_ZH-CN10814394195_1920x1080.jpg
INFO:root:保存成功：Dongdaemun_ZH-CN10736487148_1920x1080.jpg
INFO:root:保存成功：SvalbardSatellite_ZH-CN11710008487_1920x1080.jpg
INFO:root:保存成功：SuffragetteMuralNZ_ZH-CN11170622518_1920x1080.jpg
INFO:root:保存成功：WatchtowerSky_ZH-CN8532519791_1920x1080.jpg
INFO:root:已存在：SteepSheep_ZH-CN8716398488_1920x1080.jpg
INFO:root:已存在：ButterflyWorld_ZH-CN11273971874_1920x1080.jpg
INFO:root:已存在：Aoraki_ZH-CN7776353328_1920x1080.jpg
INFO:root:爬取时间：20170311094019


INFO:root:保存成功：HoliMunich_ZH-CN12353152381_1920x1080.jpg
INFO:root:保存成功：PlungeDiving_ZH-CN11143756334_1920x1080.jpg
INFO:root:已存在：BlanchardSprings_ZH-CN10814394195_1920x1080.jpg
INFO:root:已存在：Dongdaemun_ZH-CN10736487148_1920x1080.jpg
INFO:root:已存在：SvalbardSatellite_ZH-CN11710008487_1920x1080.jpg
INFO:root:已存在：SuffragetteMuralNZ_ZH-CN11170622518_1920x1080.jpg
INFO:root:已存在：WatchtowerSky_ZH-CN8532519791_1920x1080.jpg
INFO:root:已存在：SteepSheep_ZH-CN8716398488_1920x1080.jpg
INFO:root:爬取时间：20170313105504


INFO:root:保存成功：SutroBaths_ZH-CN10530101768_1920x1080.jpg
INFO:root:保存成功：EnhancedPinus_ZH-CN11908142325_1920x1080.jpg
INFO:root:已存在：HoliMunich_ZH-CN12353152381_1920x1080.jpg
INFO:root:已存在：PlungeDiving_ZH-CN11143756334_1920x1080.jpg
INFO:root:已存在：BlanchardSprings_ZH-CN10814394195_1920x1080.jpg
INFO:root:已存在：Dongdaemun_ZH-CN10736487148_1920x1080.jpg
INFO:root:已存在：SvalbardSatellite_ZH-CN11710008487_1920x1080.jpg
INFO:root:已存在：SuffragetteMuralNZ_ZH-CN11170622518_1920x1080.jpg
INFO:root:爬取时间：20170315121918


INFO:root:已存在：SutroBaths_ZH-CN10530101768_1920x1080.jpg
INFO:root:已存在：EnhancedPinus_ZH-CN11908142325_1920x1080.jpg
INFO:root:已存在：HoliMunich_ZH-CN12353152381_1920x1080.jpg
INFO:root:已存在：PlungeDiving_ZH-CN11143756334_1920x1080.jpg
INFO:root:已存在：BlanchardSprings_ZH-CN10814394195_1920x1080.jpg
INFO:root:已存在：Dongdaemun_ZH-CN10736487148_1920x1080.jpg
INFO:root:已存在：SvalbardSatellite_ZH-CN11710008487_1920x1080.jpg
INFO:root:已存在：SuffragetteMuralNZ_ZH-CN11170622518_1920x1080.jpg
INFO:root:爬取时间：20170315133257


INFO:root:保存成功：FiveFingersStrand_ZH-CN9284198785_1920x1080.jpg
INFO:root:保存成功：MousaBroch_ZH-CN11732543982_1920x1080.jpg
INFO:root:已存在：SutroBaths_ZH-CN10530101768_1920x1080.jpg
INFO:root:已存在：EnhancedPinus_ZH-CN11908142325_1920x1080.jpg
INFO:root:已存在：HoliMunich_ZH-CN12353152381_1920x1080.jpg
INFO:root:已存在：PlungeDiving_ZH-CN11143756334_1920x1080.jpg
INFO:root:已存在：BlanchardSprings_ZH-CN10814394195_1920x1080.jpg
INFO:root:已存在：Dongdaemun_ZH-CN10736487148_1920x1080.jpg
INFO:root:爬取时间：20170317081501


INFO:root:保存成功：TingSakura_ZH-CN14945610051_1920x1080.jpg
INFO:root:保存成功：MatunuskaGlacier_ZH-CN11670641539_1920x1080.jpg
INFO:root:保存成功：RiverofLife_ZH-CN8454523790_1920x1080.jpg
INFO:root:已存在：FiveFingersStrand_ZH-CN9284198785_1920x1080.jpg
INFO:root:已存在：MousaBroch_ZH-CN11732543982_1920x1080.jpg
INFO:root:已存在：SutroBaths_ZH-CN10530101768_1920x1080.jpg
INFO:root:已存在：EnhancedPinus_ZH-CN11908142325_1920x1080.jpg
INFO:root:已存在：HoliMunich_ZH-CN12353152381_1920x1080.jpg
INFO:root:爬取时间：20170320115131


INFO:root:保存成功：DrizzlyBear_ZH-CN8074606058_1920x1080.jpg
INFO:root:已爬过，被删除：TingSakura_ZH-CN14945610051_1920x1080.jpg
INFO:root:已存在：MatunuskaGlacier_ZH-CN11670641539_1920x1080.jpg
INFO:root:已存在：RiverofLife_ZH-CN8454523790_1920x1080.jpg
INFO:root:已存在：FiveFingersStrand_ZH-CN9284198785_1920x1080.jpg
INFO:root:已爬过，被删除：MousaBroch_ZH-CN11732543982_1920x1080.jpg
INFO:root:已存在：SutroBaths_ZH-CN10530101768_1920x1080.jpg
INFO:root:已爬过，被删除：EnhancedPinus_ZH-CN11908142325_1920x1080.jpg
INFO:root:爬取时间：20170321121823


INFO:root:保存成功：NoronhaTwoBrothers_ZH-CN10642407566_1920x1080.jpg
INFO:root:保存成功：LamarStorm_ZH-CN10021643995_1920x1080.jpg
INFO:root:保存成功：GuizhouWaterfall_ZH-CN10955906714_1920x1080.jpg
INFO:root:已存在：DrizzlyBear_ZH-CN8074606058_1920x1080.jpg
INFO:root:已爬过，被删除：TingSakura_ZH-CN14945610051_1920x1080.jpg
INFO:root:已存在：MatunuskaGlacier_ZH-CN11670641539_1920x1080.jpg
INFO:root:已存在：RiverofLife_ZH-CN8454523790_1920x1080.jpg
INFO:root:已存在：FiveFingersStrand_ZH-CN9284198785_1920x1080.jpg
INFO:root:爬取时间：20170324121643


INFO:root:保存成功：Hveravellir_ZH-CN12673758963_1920x1080.jpg
INFO:root:保存成功：WildfireSapling_ZH-CN10766255059_1920x1080.jpg
INFO:root:保存成功：SpainSpring_ZH-CN9613370360_1920x1080.jpg
INFO:root:已存在：NoronhaTwoBrothers_ZH-CN10642407566_1920x1080.jpg
INFO:root:已存在：LamarStorm_ZH-CN10021643995_1920x1080.jpg
INFO:root:已存在：GuizhouWaterfall_ZH-CN10955906714_1920x1080.jpg
INFO:root:已存在：DrizzlyBear_ZH-CN8074606058_1920x1080.jpg
INFO:root:已爬过，被删除：TingSakura_ZH-CN14945610051_1920x1080.jpg
INFO:root:爬取时间：20170327121743


INFO:root:保存成功：CMLSCNP_ZH-CN12089840072_1920x1080.jpg
INFO:root:保存成功：BellasArtes_ZH-CN9573521567_1920x1080.jpg
INFO:root:保存成功：CommonRosefinch_ZH-CN10986839201_1920x1080.jpg
INFO:root:已存在：Hveravellir_ZH-CN12673758963_1920x1080.jpg
INFO:root:已存在：WildfireSapling_ZH-CN10766255059_1920x1080.jpg
INFO:root:已存在：SpainSpring_ZH-CN9613370360_1920x1080.jpg
INFO:root:已存在：NoronhaTwoBrothers_ZH-CN10642407566_1920x1080.jpg
INFO:root:已存在：LamarStorm_ZH-CN10021643995_1920x1080.jpg
INFO:root:爬取时间：20170330121859


INFO:root:保存成功：JulianAlps_ZH-CN11764181030_1920x1080.jpg
INFO:root:保存成功：QingMingHuangShan_ZH-CN12993895964_1920x1080.jpg
INFO:root:保存成功：DivingGondola_ZH-CN12331702472_1920x1080.jpg
INFO:root:保存成功：LavaTubeIce_ZH-CN12266785340_1920x1080.jpg
INFO:root:保存成功：MeerkatAmuck_ZH-CN5734433814_1920x1080.jpg
INFO:root:保存成功：EarthArt_ZH-CN7715783871_1920x1080.jpg
INFO:root:已存在：CMLSCNP_ZH-CN12089840072_1920x1080.jpg
INFO:root:已存在：BellasArtes_ZH-CN9573521567_1920x1080.jpg
INFO:root:爬取时间：20170405121708


INFO:root:保存成功：WindmillLighthouse_ZH-CN12870536851_1920x1080.jpg
INFO:root:保存成功：ArcticFoxSibs_ZH-CN7417451993_1920x1080.jpg
INFO:root:保存成功：TulipFestival_ZH-CN8467334837_1920x1080.jpg
INFO:root:保存成功：KalsoyIsland_ZH-CN11586790825_1920x1080.jpg
INFO:root:保存成功：PhrayaNakhonCave_ZH-CN10743752151_1920x1080.jpg
INFO:root:保存成功：FreshSalt_ZH-CN12818759319_1920x1080.jpg
INFO:root:已存在：JulianAlps_ZH-CN11764181030_1920x1080.jpg
INFO:root:已存在：QingMingHuangShan_ZH-CN12993895964_1920x1080.jpg
INFO:root:爬取时间：20170411121803


INFO:root:保存成功：TitanicBelfast_ZH-CN7528306628_1920x1080.jpg
INFO:root:保存成功：MVAU_ZH-CN9430011383_1920x1080.jpg
INFO:root:保存成功：SpacewalkSelfie_ZH-CN10118363891_1920x1080.jpg
INFO:root:已存在：WindmillLighthouse_ZH-CN12870536851_1920x1080.jpg
INFO:root:已存在：ArcticFoxSibs_ZH-CN7417451993_1920x1080.jpg
INFO:root:已存在：TulipFestival_ZH-CN8467334837_1920x1080.jpg
INFO:root:已存在：KalsoyIsland_ZH-CN11586790825_1920x1080.jpg
INFO:root:已存在：PhrayaNakhonCave_ZH-CN10743752151_1920x1080.jpg
INFO:root:爬取时间：20170414121955


INFO:root:保存成功：EuropeanRabbitGreeting_ZH-CN10625718769_1920x1080.jpg
INFO:root:保存成功：GroundNest_ZH-CN8953105132_1920x1080.jpg
INFO:root:保存成功：GrayWolf_ZH-CN9733727662_1920x1080.jpg
INFO:root:已存在：TitanicBelfast_ZH-CN7528306628_1920x1080.jpg
INFO:root:已存在：MVAU_ZH-CN9430011383_1920x1080.jpg
INFO:root:已存在：SpacewalkSelfie_ZH-CN10118363891_1920x1080.jpg
INFO:root:已存在：WindmillLighthouse_ZH-CN12870536851_1920x1080.jpg
INFO:root:已存在：ArcticFoxSibs_ZH-CN7417451993_1920x1080.jpg
INFO:root:爬取时间：20170417121809


INFO:root:保存成功：Farmers_ZH-CN10322126112_1920x1080.jpg
INFO:root:保存成功：WallaceHut_ZH-CN12470084939_1920x1080.jpg
INFO:root:保存成功：GlacierBay_ZH-CN14440689690_1920x1080.jpg
INFO:root:已存在：EuropeanRabbitGreeting_ZH-CN10625718769_1920x1080.jpg
INFO:root:已存在：GroundNest_ZH-CN8953105132_1920x1080.jpg
INFO:root:已存在：GrayWolf_ZH-CN9733727662_1920x1080.jpg
INFO:root:已存在：TitanicBelfast_ZH-CN7528306628_1920x1080.jpg
INFO:root:已存在：MVAU_ZH-CN9430011383_1920x1080.jpg
INFO:root:爬取时间：20170420121842


INFO:root:保存成功：CivitadiBagnoregio_ZH-CN12942138675_1920x1080.jpg
INFO:root:保存成功：AfricaWeaverbirds_ZH-CN9479498858_1920x1080.jpg
INFO:root:保存成功：AlbertaTeepee_ZH-CN11572775476_1920x1080.jpg
INFO:root:保存成功：MirrorBeach_ZH-CN12835554220_1920x1080.jpg
INFO:root:保存成功：ZoomOut_ZH-CN4471982075_1920x1080.jpg
INFO:root:保存成功：SolarFarm_ZH-CN4853771923_1920x1080.jpg
INFO:root:已存在：Farmers_ZH-CN10322126112_1920x1080.jpg
INFO:root:已存在：WallaceHut_ZH-CN12470084939_1920x1080.jpg
INFO:root:爬取时间：20170426122113


INFO:root:保存成功：QueensParkGlasshouse_ZH-CN11893975642_1920x1080.jpg
INFO:root:保存成功：NHMElephants_ZH-CN9810396474_1920x1080.jpg
INFO:root:保存成功：SouthMoravian_ZH-CN13384331455_1920x1080.jpg
INFO:root:保存成功：SoundSuits_ZH-CN11561095548_1920x1080.jpg
INFO:root:保存成功：SproutVideo_ZH-CN11890393462_1920x1080.jpg
INFO:root:保存成功：SaronicGulf_ZH-CN8379891695_1920x1080.jpg
INFO:root:已存在：CivitadiBagnoregio_ZH-CN12942138675_1920x1080.jpg
INFO:root:已存在：AfricaWeaverbirds_ZH-CN9479498858_1920x1080.jpg
INFO:root:爬取时间：20170502121758


INFO:root:保存成功：Mythicalwildanimal_ZH-CN10176872488_1920x1080.jpg
INFO:root:保存成功：SSAtlantis_ZH-CN10429588926_1920x1080.jpg
INFO:root:保存成功：NavagioBeach_ZH-CN8854639142_1920x1080.jpg
INFO:root:已存在：QueensParkGlasshouse_ZH-CN11893975642_1920x1080.jpg
INFO:root:已存在：NHMElephants_ZH-CN9810396474_1920x1080.jpg
INFO:root:已存在：SouthMoravian_ZH-CN13384331455_1920x1080.jpg
INFO:root:已存在：SoundSuits_ZH-CN11561095548_1920x1080.jpg
INFO:root:已存在：SproutVideo_ZH-CN11890393462_1920x1080.jpg
INFO:root:爬取时间：20170505121739


INFO:root:保存成功：TaihangMountains_ZH-CN6309298791_1920x1080.jpg
INFO:root:保存成功：HenequenCactus_ZH-CN11794616839_1920x1080.jpg
INFO:root:保存成功：MorskieOko_ZH-CN8809175725_1920x1080.jpg
INFO:root:已存在：Mythicalwildanimal_ZH-CN10176872488_1920x1080.jpg
INFO:root:已存在：SSAtlantis_ZH-CN10429588926_1920x1080.jpg
INFO:root:已存在：NavagioBeach_ZH-CN8854639142_1920x1080.jpg
INFO:root:已存在：QueensParkGlasshouse_ZH-CN11893975642_1920x1080.jpg
INFO:root:已存在：NHMElephants_ZH-CN9810396474_1920x1080.jpg
INFO:root:爬取时间：20170508121710


INFO:root:保存成功：SpringGoat_ZH-CN7669482496_1920x1080.jpg
INFO:root:保存成功：WardCharcoalOvens_ZH-CN15946806125_1920x1080.jpg
INFO:root:保存成功：WoodDucks_ZH-CN11650397660_1920x1080.jpg
INFO:root:已存在：TaihangMountains_ZH-CN6309298791_1920x1080.jpg
INFO:root:已存在：HenequenCactus_ZH-CN11794616839_1920x1080.jpg
INFO:root:已存在：MorskieOko_ZH-CN8809175725_1920x1080.jpg
INFO:root:已存在：Mythicalwildanimal_ZH-CN10176872488_1920x1080.jpg
INFO:root:已存在：SSAtlantis_ZH-CN10429588926_1920x1080.jpg
INFO:root:爬取时间：20170511122216


INFO:root:保存成功：SpermophilusArmatus_ZH-CN11634149121_1920x1080.jpg
INFO:root:保存成功：PorthminsterBeach_ZH-CN10275083647_1920x1080.jpg
INFO:root:保存成功：IncenseFactory_ZH-CN12321813125_1920x1080.jpg
INFO:root:保存成功：CheetahMom_ZH-CN9990146737_1920x1080.jpg
INFO:root:保存成功：DeltaJunction_ZH-CN9901755694_1920x1080.jpg
INFO:root:保存成功：VernalFall_ZH-CN10631212377_1920x1080.jpg
INFO:root:已存在：SpringGoat_ZH-CN7669482496_1920x1080.jpg
INFO:root:已存在：WardCharcoalOvens_ZH-CN15946806125_1920x1080.jpg
INFO:root:爬取时间：20170517121716


INFO:root:保存成功：TorontoSkyline_ZH-CN9919114051_1920x1080.jpg
INFO:root:保存成功：BMXTunnel_ZH-CN11405649743_1920x1080.jpg
INFO:root:保存成功：Palaon_ZH-CN11145059144_1920x1080.jpg
INFO:root:已存在：SpermophilusArmatus_ZH-CN11634149121_1920x1080.jpg
INFO:root:已存在：PorthminsterBeach_ZH-CN10275083647_1920x1080.jpg
INFO:root:已存在：IncenseFactory_ZH-CN12321813125_1920x1080.jpg
INFO:root:已存在：CheetahMom_ZH-CN9990146737_1920x1080.jpg
INFO:root:已存在：DeltaJunction_ZH-CN9901755694_1920x1080.jpg
INFO:root:爬取时间：20170520121749


INFO:root:保存成功：Dipper_ZH-CN11205462091_1920x1080.jpg
INFO:root:保存成功：LakePowellStorm_ZH-CN6822865622_1920x1080.jpg
INFO:root:保存成功：zhejiangUniversity_ZH-CN11734938352_1920x1080.jpg
INFO:root:已存在：TorontoSkyline_ZH-CN9919114051_1920x1080.jpg
INFO:root:已存在：BMXTunnel_ZH-CN11405649743_1920x1080.jpg
INFO:root:已存在：Palaon_ZH-CN11145059144_1920x1080.jpg
INFO:root:已存在：SpermophilusArmatus_ZH-CN11634149121_1920x1080.jpg
INFO:root:已存在：PorthminsterBeach_ZH-CN10275083647_1920x1080.jpg
INFO:root:爬取时间：20170523121608


INFO:root:保存成功：Fiddleheads_ZH-CN14463697077_1920x1080.jpg
INFO:root:保存成功：PyramidsOfMeroe_ZH-CN10667861825_1920x1080.jpg
INFO:root:保存成功：BB1883_ZH-CN14845255336_1920x1080.jpg
INFO:root:已存在：Dipper_ZH-CN11205462091_1920x1080.jpg
INFO:root:已存在：LakePowellStorm_ZH-CN6822865622_1920x1080.jpg
INFO:root:已存在：zhejiangUniversity_ZH-CN11734938352_1920x1080.jpg
INFO:root:已存在：TorontoSkyline_ZH-CN9919114051_1920x1080.jpg
INFO:root:已存在：BMXTunnel_ZH-CN11405649743_1920x1080.jpg
INFO:root:爬取时间：20170526121730


INFO:root:保存成功：Playing_ZH-CN12541345417_1920x1080.jpg
INFO:root:保存成功：MtTamVideo_ZH-CN10798436683_1920x1080.jpg
INFO:root:保存成功：Zongzi_ZH-CN11342763382_1920x1080.jpg
INFO:root:保存成功：WaldkauzDE_ZH-CN10024135858_1920x1080.jpg
INFO:root:保存成功：MataderoBridge_ZH-CN9215461155_1920x1080.jpg
INFO:root:保存成功：BromoJava_ZH-CN13278140077_1920x1080.jpg
INFO:root:已存在：Fiddleheads_ZH-CN14463697077_1920x1080.jpg
INFO:root:已存在：PyramidsOfMeroe_ZH-CN10667861825_1920x1080.jpg
INFO:root:爬取时间：20170601121719


INFO:root:保存成功：Prayercard_ZH-CN13472871640_1920x1080.jpg
INFO:root:保存成功：EtretatSunrise_ZH-CN10891175350_1920x1080.jpg
INFO:root:保存成功：KaprunDam_ZH-CN8666050794_1920x1080.jpg
INFO:root:保存成功：BluestripedFangblenny_ZH-CN10868881606_1920x1080.jpg
INFO:root:保存成功：TexasBluebonnets_ZH-CN10361963785_1920x1080.jpg
INFO:root:保存成功：PonteSantAngelo_ZH-CN15413822788_1920x1080.jpg
INFO:root:已存在：Playing_ZH-CN12541345417_1920x1080.jpg
INFO:root:已存在：MtTamVideo_ZH-CN10798436683_1920x1080.jpg
INFO:root:爬取时间：20170607121610


INFO:root:保存成功：LibraryofCelsus_ZH-CN11719117244_1920x1080.jpg
INFO:root:保存成功：BalmhornRegion_ZH-CN7523037492_1920x1080.jpg
INFO:root:保存成功：OceanCurrents_ZH-CN13704695457_1920x1080.jpg
INFO:root:已存在：Prayercard_ZH-CN13472871640_1920x1080.jpg
INFO:root:已存在：EtretatSunrise_ZH-CN10891175350_1920x1080.jpg
INFO:root:已存在：KaprunDam_ZH-CN8666050794_1920x1080.jpg
INFO:root:已存在：BluestripedFangblenny_ZH-CN10868881606_1920x1080.jpg
INFO:root:已存在：TexasBluebonnets_ZH-CN10361963785_1920x1080.jpg
INFO:root:爬取时间：20170610121731


INFO:root:保存成功：NiemeyerCenter_ZH-CN8964518609_1920x1080.jpg
INFO:root:保存成功：DinosaurPP_ZH-CN14544073422_1920x1080.jpg
INFO:root:保存成功：MagnificentGBR_ZH-CN10789151183_1920x1080.jpg
INFO:root:已存在：LibraryofCelsus_ZH-CN11719117244_1920x1080.jpg
INFO:root:已存在：BalmhornRegion_ZH-CN7523037492_1920x1080.jpg
INFO:root:已存在：OceanCurrents_ZH-CN13704695457_1920x1080.jpg
INFO:root:已存在：Prayercard_ZH-CN13472871640_1920x1080.jpg
INFO:root:已存在：EtretatSunrise_ZH-CN10891175350_1920x1080.jpg
INFO:root:爬取时间：20170613122110


INFO:root:保存成功：FireDragonfly_ZH-CN9623816108_1920x1080.jpg
INFO:root:保存成功：TOAD_ZH-CN7336795473_1920x1080.jpg
INFO:root:保存成功：WolfeCreekCrater_ZH-CN10953577427_1920x1080.jpg
INFO:root:已存在：NiemeyerCenter_ZH-CN8964518609_1920x1080.jpg
INFO:root:已存在：DinosaurPP_ZH-CN14544073422_1920x1080.jpg
INFO:root:已存在：MagnificentGBR_ZH-CN10789151183_1920x1080.jpg
INFO:root:已存在：LibraryofCelsus_ZH-CN11719117244_1920x1080.jpg
INFO:root:已存在：BalmhornRegion_ZH-CN7523037492_1920x1080.jpg
INFO:root:爬取时间：20170616121848


INFO:root:保存成功：AeoniumLeaf_ZH-CN7490448951_1920x1080.jpg
INFO:root:保存成功：TurDad_ZH-CN11748481038_1920x1080.jpg
INFO:root:保存成功：ThufaHill_ZH-CN8809655435_1920x1080.jpg
INFO:root:已存在：FireDragonfly_ZH-CN9623816108_1920x1080.jpg
INFO:root:已存在：TOAD_ZH-CN7336795473_1920x1080.jpg
INFO:root:已存在：WolfeCreekCrater_ZH-CN10953577427_1920x1080.jpg
INFO:root:已存在：NiemeyerCenter_ZH-CN8964518609_1920x1080.jpg
INFO:root:已存在：DinosaurPP_ZH-CN14544073422_1920x1080.jpg
INFO:root:爬取时间：20170619122008


INFO:root:保存成功：AKFox_ZH-CN8586782340_1920x1080.jpg
INFO:root:保存成功：ChobeChick_ZH-CN9997116812_1920x1080.jpg
INFO:root:保存成功：PlayaRoja_ZH-CN11120265765_1920x1080.jpg
INFO:root:已存在：AeoniumLeaf_ZH-CN7490448951_1920x1080.jpg
INFO:root:已存在：TurDad_ZH-CN11748481038_1920x1080.jpg
INFO:root:已存在：ThufaHill_ZH-CN8809655435_1920x1080.jpg
INFO:root:已存在：FireDragonfly_ZH-CN9623816108_1920x1080.jpg
INFO:root:已存在：TOAD_ZH-CN7336795473_1920x1080.jpg
INFO:root:爬取时间：20170622122319


INFO:root:保存成功：JoshuaTrees_ZH-CN10998673288_1920x1080.jpg
INFO:root:保存成功：CallanishSS_ZH-CN12559903397_1920x1080.jpg
INFO:root:保存成功：MadagascarLemurs_ZH-CN7754035615_1920x1080.jpg
INFO:root:保存成功：SanLorenzo_ZH-CN7625061136_1920x1080.jpg
INFO:root:保存成功：HawaiiSwim_ZH-CN7233619332_1920x1080.jpg
INFO:root:保存成功：MooneyFalls_ZH-CN11568488094_1920x1080.jpg
INFO:root:已存在：AKFox_ZH-CN8586782340_1920x1080.jpg
INFO:root:已存在：ChobeChick_ZH-CN9997116812_1920x1080.jpg
INFO:root:爬取时间：20170628121826


INFO:root:保存成功：SunwaptaFalls_ZH-CN10005625957_1920x1080.jpg
INFO:root:保存成功：EuropeanFlamingo_ZH-CN10494194429_1920x1080.jpg
INFO:root:保存成功：NorddorfPath_ZH-CN10408895135_1920x1080.jpg
INFO:root:已存在：JoshuaTrees_ZH-CN10998673288_1920x1080.jpg
INFO:root:已存在：CallanishSS_ZH-CN12559903397_1920x1080.jpg
INFO:root:已存在：MadagascarLemurs_ZH-CN7754035615_1920x1080.jpg
INFO:root:已存在：SanLorenzo_ZH-CN7625061136_1920x1080.jpg
INFO:root:已存在：HawaiiSwim_ZH-CN7233619332_1920x1080.jpg
INFO:root:爬取时间：20170701121847


INFO:root:保存成功：SonnenblumeHummel_ZH-CN13806822042_1920x1080.jpg
INFO:root:保存成功：LongTailedBushtits_ZH-CN9781684264_1920x1080.jpg
INFO:root:保存成功：ConeyIslandAerial_ZH-CN8660420119_1920x1080.jpg
INFO:root:已存在：SunwaptaFalls_ZH-CN10005625957_1920x1080.jpg
INFO:root:已存在：EuropeanFlamingo_ZH-CN10494194429_1920x1080.jpg
INFO:root:已存在：NorddorfPath_ZH-CN10408895135_1920x1080.jpg
INFO:root:已存在：JoshuaTrees_ZH-CN10998673288_1920x1080.jpg
INFO:root:已存在：CallanishSS_ZH-CN12559903397_1920x1080.jpg
INFO:root:爬取时间：20170704121721


INFO:root:保存成功：Umbrella_ZH-CN8238029705_1920x1080.jpg
INFO:root:保存成功：SnailsKissing_ZH-CN7861942488_1920x1080.jpg
INFO:root:保存成功：RestArea_ZH-CN13518721881_1920x1080.jpg
INFO:root:已存在：SonnenblumeHummel_ZH-CN13806822042_1920x1080.jpg
INFO:root:已存在：LongTailedBushtits_ZH-CN9781684264_1920x1080.jpg
INFO:root:已存在：ConeyIslandAerial_ZH-CN8660420119_1920x1080.jpg
INFO:root:已存在：SunwaptaFalls_ZH-CN10005625957_1920x1080.jpg
INFO:root:已存在：EuropeanFlamingo_ZH-CN10494194429_1920x1080.jpg
INFO:root:爬取时间：20170707122521


INFO:root:保存成功：DerbyshireSheep_ZH-CN8057416029_1920x1080.jpg
INFO:root:保存成功：Umbrellas_ZH-CN8739718706_1920x1080.jpg
INFO:root:保存成功：CharcoAzul_ZH-CN9886873901_1920x1080.jpg
INFO:root:已存在：Umbrella_ZH-CN8238029705_1920x1080.jpg
INFO:root:已存在：SnailsKissing_ZH-CN7861942488_1920x1080.jpg
INFO:root:已存在：RestArea_ZH-CN13518721881_1920x1080.jpg
INFO:root:已存在：SonnenblumeHummel_ZH-CN13806822042_1920x1080.jpg
INFO:root:已存在：LongTailedBushtits_ZH-CN9781684264_1920x1080.jpg
INFO:root:爬取时间：20170710122000


INFO:root:保存成功：LagazuoiRefuge_ZH-CN12532053341_1920x1080.jpg
INFO:root:保存成功：GhostCrab_ZH-CN13597716827_1920x1080.jpg
INFO:root:保存成功：MartapuraMarket_ZH-CN9502204987_1920x1080.jpg
INFO:root:已存在：DerbyshireSheep_ZH-CN8057416029_1920x1080.jpg
INFO:root:已存在：Umbrellas_ZH-CN8739718706_1920x1080.jpg
INFO:root:已存在：CharcoAzul_ZH-CN9886873901_1920x1080.jpg
INFO:root:已存在：Umbrella_ZH-CN8238029705_1920x1080.jpg
INFO:root:已存在：SnailsKissing_ZH-CN7861942488_1920x1080.jpg
INFO:root:爬取时间：20170713121736


INFO:root:保存成功：Aldabra_ZH-CN8230193511_1920x1080.jpg
INFO:root:保存成功：GeladaSimien_ZH-CN8344110980_1920x1080.jpg
INFO:root:保存成功：CrescentCityConnection_ZH-CN10387208145_1920x1080.jpg
INFO:root:保存成功：FelgueirasLighthouse_ZH-CN11182385822_1920x1080.jpg
INFO:root:保存成功：ColorfulSalt_ZH-CN13586718897_1920x1080.jpg
INFO:root:保存成功：TuileriesGardenWheel_ZH-CN12655332871_1920x1080.jpg
INFO:root:已存在：LagazuoiRefuge_ZH-CN12532053341_1920x1080.jpg
INFO:root:已存在：GhostCrab_ZH-CN13597716827_1920x1080.jpg
INFO:root:爬取时间：20170719104230


INFO:root:保存成功：ReinebringenRidge_ZH-CN9518224182_1920x1080.jpg
INFO:root:保存成功：RainbowLorikeets_ZH-CN10796666125_1920x1080.jpg
INFO:root:保存成功：LosMonegros_ZH-CN14671427222_1920x1080.jpg
INFO:root:保存成功：Econlockhatchee_ZH-CN10577234655_1920x1080.jpg
INFO:root:保存成功：EborFallsVideo_ZH-CN9972229251_1920x1080.jpg
INFO:root:保存成功：GlastonburyMoon_ZH-CN10251307154_1920x1080.jpg
INFO:root:已存在：Aldabra_ZH-CN8230193511_1920x1080.jpg
INFO:root:已存在：GeladaSimien_ZH-CN8344110980_1920x1080.jpg
INFO:root:爬取时间：20170725121855


INFO:root:保存成功：TempleStreet_ZH-CN7471755280_1920x1080.jpg
INFO:root:保存成功：HuangshanClouds_ZH-CN11669699321_1920x1080.jpg
INFO:root:保存成功：WilsonPeakWindow_ZH-CN10363033426_1920x1080.jpg
INFO:root:已存在：ReinebringenRidge_ZH-CN9518224182_1920x1080.jpg
INFO:root:已存在：RainbowLorikeets_ZH-CN10796666125_1920x1080.jpg
INFO:root:已存在：LosMonegros_ZH-CN14671427222_1920x1080.jpg
INFO:root:已存在：Econlockhatchee_ZH-CN10577234655_1920x1080.jpg
INFO:root:已存在：EborFallsVideo_ZH-CN9972229251_1920x1080.jpg
INFO:root:爬取时间：20170728122251


INFO:root:保存成功：Mellieha_ZH-CN10970369201_1920x1080.jpg
INFO:root:保存成功：MineralCliffs_ZH-CN11986913181_1920x1080.jpg
INFO:root:保存成功：WaSqPk_ZH-CN9988391968_1920x1080.jpg
INFO:root:已存在：TempleStreet_ZH-CN7471755280_1920x1080.jpg
INFO:root:已存在：HuangshanClouds_ZH-CN11669699321_1920x1080.jpg
INFO:root:已存在：WilsonPeakWindow_ZH-CN10363033426_1920x1080.jpg
INFO:root:已存在：ReinebringenRidge_ZH-CN9518224182_1920x1080.jpg
INFO:root:已存在：RainbowLorikeets_ZH-CN10796666125_1920x1080.jpg
INFO:root:爬取时间：20170731122115


INFO:root:保存成功：LavenderProvence_ZH-CN9151247848_1920x1080.jpg
INFO:root:保存成功：WhipCoral_ZH-CN10285480118_1920x1080.jpg
INFO:root:保存成功：Nyala_ZH-CN13349334824_1920x1080.jpg
INFO:root:已存在：Mellieha_ZH-CN10970369201_1920x1080.jpg
INFO:root:已存在：MineralCliffs_ZH-CN11986913181_1920x1080.jpg
INFO:root:已存在：WaSqPk_ZH-CN9988391968_1920x1080.jpg
INFO:root:已存在：TempleStreet_ZH-CN7471755280_1920x1080.jpg
INFO:root:已存在：HuangshanClouds_ZH-CN11669699321_1920x1080.jpg
INFO:root:爬取时间：20170803121741


INFO:root:保存成功：JantarJaipur_ZH-CN12917938653_1920x1080.jpg
INFO:root:保存成功：YellowNPFirehole_ZH-CN14661526309_1920x1080.jpg
INFO:root:保存成功：KingPhoto_ZH-CN13184031948_1920x1080.jpg
INFO:root:保存成功：ChulillaSpain_ZH-CN10170248808_1920x1080.jpg
INFO:root:保存成功：GoldenHorn_ZH-CN12728560155_1920x1080.jpg
INFO:root:保存成功：AvalancheCreek_ZH-CN10917017134_1920x1080.jpg
INFO:root:保存成功：QuakingAspens_ZH-CN11296287476_1920x1080.jpg
INFO:root:保存成功：Hozoviotissa_ZH-CN13142561850_1920x1080.jpg
INFO:root:爬取时间：20170821121755


INFO:root:保存成功：TubeAnemone_ZH-CN8077113499_1920x1080.jpg
INFO:root:保存成功：AtchafalayaBasin_ZH-CN11978071492_1920x1080.jpg
INFO:root:保存成功：MausoleumLovcen_ZH-CN11630158336_1920x1080.jpg
INFO:root:已存在：JantarJaipur_ZH-CN12917938653_1920x1080.jpg
INFO:root:已存在：YellowNPFirehole_ZH-CN14661526309_1920x1080.jpg
INFO:root:已存在：KingPhoto_ZH-CN13184031948_1920x1080.jpg
INFO:root:已存在：ChulillaSpain_ZH-CN10170248808_1920x1080.jpg
INFO:root:已存在：GoldenHorn_ZH-CN12728560155_1920x1080.jpg
INFO:root:爬取时间：20170824121751


INFO:root:保存成功：GoldenTrevally_ZH-CN8976794546_1920x1080.jpg
INFO:root:保存成功：OregonPainted_ZH-CN8553728911_1920x1080.jpg
INFO:root:保存成功：BotallackCornwall_ZH-CN11396172846_1920x1080.jpg
INFO:root:保存成功：BasongcuoNP_ZH-CN9819436811_1920x1080.jpg
INFO:root:保存成功：BatEaredFox_ZH-CN12456670113_1920x1080.jpg
INFO:root:保存成功：GustavAntiquities_ZH-CN9624291648_1920x1080.jpg
INFO:root:已存在：TubeAnemone_ZH-CN8077113499_1920x1080.jpg
INFO:root:已存在：AtchafalayaBasin_ZH-CN11978071492_1920x1080.jpg
INFO:root:爬取时间：20170830112554


INFO:root:已存在：GoldenTrevally_ZH-CN8976794546_1920x1080.jpg
INFO:root:已存在：OregonPainted_ZH-CN8553728911_1920x1080.jpg
INFO:root:已存在：BotallackCornwall_ZH-CN11396172846_1920x1080.jpg
INFO:root:已存在：BasongcuoNP_ZH-CN9819436811_1920x1080.jpg
INFO:root:已存在：BatEaredFox_ZH-CN12456670113_1920x1080.jpg
INFO:root:已存在：GustavAntiquities_ZH-CN9624291648_1920x1080.jpg
INFO:root:已存在：TubeAnemone_ZH-CN8077113499_1920x1080.jpg
INFO:root:已存在：AtchafalayaBasin_ZH-CN11978071492_1920x1080.jpg
INFO:root:爬取时间：20170830121709


INFO:root:保存成功：DosOjos_ZH-CN11530226887_1920x1080.jpg
INFO:root:保存成功：FoehrAerial_ZH-CN10362288995_1920x1080.jpg
INFO:root:保存成功：SWFC_ZH-CN9558503653_1920x1080.jpg
INFO:root:保存成功：WestAU_ZH-CN11443537627_1920x1080.jpg
INFO:root:保存成功：StorkCliffs_ZH-CN11006532238_1920x1080.jpg
INFO:root:保存成功：ChamonixClouds_ZH-CN7700889231_1920x1080.jpg
INFO:root:已存在：GoldenTrevally_ZH-CN8976794546_1920x1080.jpg
INFO:root:已存在：OregonPainted_ZH-CN8553728911_1920x1080.jpg
INFO:root:爬取时间：20170905121727


INFO:root:保存成功：PeabodyLibrary_ZH-CN9475175779_1920x1080.jpg
INFO:root:保存成功：CrailHarbour_ZH-CN7775604832_1920x1080.jpg
INFO:root:保存成功：SneffelsRange_ZH-CN9303969066_1920x1080.jpg
INFO:root:已存在：DosOjos_ZH-CN11530226887_1920x1080.jpg
INFO:root:已存在：FoehrAerial_ZH-CN10362288995_1920x1080.jpg
INFO:root:已存在：SWFC_ZH-CN9558503653_1920x1080.jpg
INFO:root:已存在：WestAU_ZH-CN11443537627_1920x1080.jpg
INFO:root:已存在：StorkCliffs_ZH-CN11006532238_1920x1080.jpg
INFO:root:爬取时间：20170908121746


INFO:root:保存成功：LanseMeadows_ZH-CN10703907742_1920x1080.jpg
INFO:root:保存成功：PuntaEspinosa_ZH-CN12752702761_1920x1080.jpg
INFO:root:保存成功：PoenariCastle_ZH-CN7423028629_1920x1080.jpg
INFO:root:已存在：PeabodyLibrary_ZH-CN9475175779_1920x1080.jpg
INFO:root:已存在：CrailHarbour_ZH-CN7775604832_1920x1080.jpg
INFO:root:已存在：SneffelsRange_ZH-CN9303969066_1920x1080.jpg
INFO:root:已存在：DosOjos_ZH-CN11530226887_1920x1080.jpg
INFO:root:已存在：FoehrAerial_ZH-CN10362288995_1920x1080.jpg
INFO:root:爬取时间：20170911121822


INFO:root:保存成功：CityPalace_ZH-CN7843237957_1920x1080.jpg
INFO:root:保存成功：BandiagaraDogon_ZH-CN12463052433_1920x1080.jpg
INFO:root:保存成功：CastlePointLH_ZH-CN13074557115_1920x1080.jpg
INFO:root:已存在：LanseMeadows_ZH-CN10703907742_1920x1080.jpg
INFO:root:已存在：PuntaEspinosa_ZH-CN12752702761_1920x1080.jpg
INFO:root:已存在：PoenariCastle_ZH-CN7423028629_1920x1080.jpg
INFO:root:已存在：PeabodyLibrary_ZH-CN9475175779_1920x1080.jpg
INFO:root:已存在：CrailHarbour_ZH-CN7775604832_1920x1080.jpg
INFO:root:爬取时间：20170914121747


INFO:root:保存成功：TurpanDepression_ZH-CN12295576336_1920x1080.jpg
INFO:root:保存成功：PrecipiceLake_ZH-CN10138285567_1920x1080.jpg
INFO:root:保存成功：ErfurtOktoberfest_ZH-CN11152792740_1920x1080.jpg
INFO:root:保存成功：Shanghai_ZH-CN10665657954_1920x1080.jpg
INFO:root:保存成功：DollySods_ZH-CN10617200330_1920x1080.jpg
INFO:root:保存成功：CorricellaMarina_ZH-CN11169480773_1920x1080.jpg
INFO:root:保存成功：RotenbergVineyards_ZH-CN11483766655_1920x1080.jpg
INFO:root:保存成功：Sparrowhawk_ZH-CN9288842659_1920x1080.jpg
INFO:root:爬取时间：20170926121702


INFO:root:保存成功：MtIbukiyama_ZH-CN6882861958_1920x1080.jpg
INFO:root:保存成功：KonikHorses_ZH-CN11260575341_1920x1080.jpg
INFO:root:保存成功：LakePukaki_ZH-CN9412206565_1920x1080.jpg
INFO:root:已存在：TurpanDepression_ZH-CN12295576336_1920x1080.jpg
INFO:root:已存在：PrecipiceLake_ZH-CN10138285567_1920x1080.jpg
INFO:root:已存在：ErfurtOktoberfest_ZH-CN11152792740_1920x1080.jpg
INFO:root:已存在：Shanghai_ZH-CN10665657954_1920x1080.jpg
INFO:root:已存在：DollySods_ZH-CN10617200330_1920x1080.jpg
INFO:root:爬取时间：20170929124302


INFO:root:保存成功：Mapleleaf_ZH-CN9491310356_1920x1080.jpg
INFO:root:保存成功：VallesMarineris_ZH-CN10598461085_1920x1080.jpg
INFO:root:保存成功：SweetChestnut_ZH-CN10220364928_1920x1080.jpg
INFO:root:保存成功：SXSWTelescope_ZH-CN10124722940_1920x1080.jpg
INFO:root:保存成功：Mooncake_ZH-CN10274798301_1920x1080.jpg
INFO:root:保存成功：TimiderteKasbah_ZH-CN11865163382_1920x1080.jpg
INFO:root:保存成功：RioGrandeCottonwood_ZH-CN10631006696_1920x1080.jpg
INFO:root:保存成功：RedFlag_ZH-CN7582013591_1920x1080.jpg
INFO:root:爬取时间：20171008121732


INFO:root:保存成功：Rapadalen_ZH-CN11779950174_1920x1080.jpg
INFO:root:保存成功：SoyuzReturn_ZH-CN9848773206_1920x1080.jpg
INFO:root:保存成功：OrionNebula_ZH-CN10007648454_1920x1080.jpg
INFO:root:已存在：Mapleleaf_ZH-CN9491310356_1920x1080.jpg
INFO:root:已存在：VallesMarineris_ZH-CN10598461085_1920x1080.jpg
INFO:root:已存在：SweetChestnut_ZH-CN10220364928_1920x1080.jpg
INFO:root:已存在：SXSWTelescope_ZH-CN10124722940_1920x1080.jpg
INFO:root:已存在：Mooncake_ZH-CN10274798301_1920x1080.jpg
INFO:root:爬取时间：20171011121657


